

================================================================
== Synthesis Summary Report of 'loop_perfect'
================================================================
+ General Information: 
    * Date:           Sat May 18 10:58:15 2024
    * Version:        2023.1.1 (Build 3869133 on Jun 15 2023)
    * Project:        project
    * Solution:       solution1 (Vivado IP Flow Target)
    * Product family: zynq
    * Target device:  xc7z020-clg400-1
    

+ Performance & Resource Estimates: 
    
    PS: '+' for module; 'o' for loop; '*' for dataflow
    +----------------------------------------+------+------+---------+-----------+----------+---------+------+----------+--------+---------+-----------+-----------+-----+
    |                 Modules                | Issue|      | Latency |  Latency  | Iteration|         | Trip |          |        |         |           |           |     |
    |                 & Loops                | Type | Slack| (cycles)|    (ns)   |  Latency | Interval| Count| Pipelined|  BRAM  |   DSP   |     FF    |    LUT    | URAM|
    +----------------------------------------+------+------+---------+-----------+----------+---------+------+----------+--------+---------+-----------+-----------+-----+
    |+ loop_perfect                          |     -|  0.00|      473|  4.730e+03|         -|      474|     -|        no|  4 (1%)|  2 (~0%)|  2477 (2%)|  2868 (5%)|    -|
    | + loop_perfect_Pipeline_1              |     -|  0.00|       23|    230.000|         -|       23|     -|        no|       -|        -|   25 (~0%)|   75 (~0%)|    -|
    |  o Loop 1                              |     -|  7.30|       21|    210.000|         3|        1|    20|       yes|       -|        -|          -|          -|    -|
    | + loop_perfect_Pipeline_LOOP_I_LOOP_J  |     -|  0.94|      408|  4.080e+03|         -|      408|     -|        no|       -|  2 (~0%)|  366 (~0%)|  387 (~0%)|    -|
    |  o LOOP_I_LOOP_J                       |     -|  7.30|      406|  4.060e+03|         8|        1|   400|       yes|       -|        -|          -|          -|    -|
    | + loop_perfect_Pipeline_3              |     -|  0.00|       23|    230.000|         -|       23|     -|        no|       -|        -|   16 (~0%)|   75 (~0%)|    -|
    |  o Loop 1                              |     -|  7.30|       21|    210.000|         3|        1|    20|       yes|       -|        -|          -|          -|    -|
    +----------------------------------------+------+------+---------+-----------+----------+---------+------+----------+--------+---------+-----------+-----------+-----+


================================================================
== HW Interfaces
================================================================
* M_AXI
+--------------+------------+---------------+---------+--------+----------+-----------+--------------+--------------+-------------+-------------+-------------------+
| Interface    | Data Width | Address Width | Latency | Offset | Register | Max Widen | Max Read     | Max Write    | Num Read    | Num Write   | Resource Estimate |
|              | (SW->HW)   |               |         |        |          | Bitwidth  | Burst Length | Burst Length | Outstanding | Outstanding |                   |
+--------------+------------+---------------+---------+--------+----------+-----------+--------------+--------------+-------------+-------------+-------------------+
| m_axi_a_port | 5 -> 8     | 64            | 0       | slave  | 0        | 0         | 16           | 16           | 16          | 16          | BRAM=2            |
| m_axi_b_port | 6 -> 8     | 64            | 0       | slave  | 0        | 0         | 16           | 16           | 16          | 16          | BRAM=2            |
+--------------+------------+---------------+---------+--------+----------+-----------+--------------+--------------+-------------+-------------+-------------------+

* S_AXILITE Interfaces
+---------------+------------+---------------+--------+----------+
| Interface     | Data Width | Address Width | Offset | Register |
+---------------+------------+---------------+--------+----------+
| s_axi_control | 32         | 6             | 16     | 0        |
+---------------+------------+---------------+--------+----------+

* S_AXILITE Registers
+---------------+----------+--------+-------+--------+----------------------------------+----------------------------------------------------------------------+
| Interface     | Register | Offset | Width | Access | Description                      | Bit Fields                                                           |
+---------------+----------+--------+-------+--------+----------------------------------+----------------------------------------------------------------------+
| s_axi_control | CTRL     | 0x00   | 32    | RW     | Control signals                  | 0=AP_START 1=AP_DONE 2=AP_IDLE 3=AP_READY 7=AUTO_RESTART 9=INTERRUPT |
| s_axi_control | GIER     | 0x04   | 32    | RW     | Global Interrupt Enable Register | 0=Enable                                                             |
| s_axi_control | IP_IER   | 0x08   | 32    | RW     | IP Interrupt Enable Register     | 0=CHAN0_INT_EN 1=CHAN1_INT_EN                                        |
| s_axi_control | IP_ISR   | 0x0c   | 32    | RW     | IP Interrupt Status Register     | 0=CHAN0_INT_ST 1=CHAN1_INT_ST                                        |
| s_axi_control | A_1      | 0x10   | 32    | W      | Data signal of A                 |                                                                      |
| s_axi_control | A_2      | 0x14   | 32    | W      | Data signal of A                 |                                                                      |
| s_axi_control | B_1      | 0x1c   | 32    | W      | Data signal of B                 |                                                                      |
| s_axi_control | B_2      | 0x20   | 32    | W      | Data signal of B                 |                                                                      |
+---------------+----------+--------+-------+--------+----------------------------------+----------------------------------------------------------------------+

* TOP LEVEL CONTROL
+-----------+------------+-----------+
| Interface | Type       | Ports     |
+-----------+------------+-----------+
| ap_clk    | clock      | ap_clk    |
| ap_rst_n  | reset      | ap_rst_n  |
| interrupt | interrupt  | interrupt |
| ap_ctrl   | ap_ctrl_hs |           |
+-----------+------------+-----------+


================================================================
== SW I/O Information
================================================================
* Top Function Arguments
+----------+-----------+------------+
| Argument | Direction | Datatype   |
+----------+-----------+------------+
| A        | in        | ap_int<5>* |
| B        | out       | ap_int<6>* |
+----------+-----------+------------+

* SW-to-HW Mapping
+----------+---------------+-----------+----------+-------------------------------+
| Argument | HW Interface  | HW Type   | HW Usage | HW Info                       |
+----------+---------------+-----------+----------+-------------------------------+
| A        | m_axi_a_port  | interface |          |                               |
| A        | s_axi_control | register  | offset   | name=A_1 offset=0x10 range=32 |
| A        | s_axi_control | register  | offset   | name=A_2 offset=0x14 range=32 |
| B        | m_axi_b_port  | interface |          |                               |
| B        | s_axi_control | register  | offset   | name=B_1 offset=0x1c range=32 |
| B        | s_axi_control | register  | offset   | name=B_2 offset=0x20 range=32 |
+----------+---------------+-----------+----------+-------------------------------+


================================================================
== M_AXI Burst Information
================================================================
 Note: All burst requests might be further partitioned into multiple requests during RTL generation based on max_read_burst_length or max_write_burst_length settings.

* Inferred Burst Summary
+--------------+-----------+--------+-------+-----------+-----------------------+
| HW Interface | Direction | Length | Width | Loop      | Loop Location         |
+--------------+-----------+--------+-------+-----------+-----------------------+
| m_axi_a_port | read      | 20     | 8     | anonymous | loop_perfect.cpp:30:3 |
| m_axi_b_port | write     | 20     | 8     | anonymous | loop_perfect.cpp:47:3 |
+--------------+-----------+--------+-------+-----------+-----------------------+

* All M_AXI Variable Accesses
+--------------+----------+-----------------------+-----------+--------------+--------+-----------+-----------------------+------------+------------------------------------------------------------------------------------------------------+
| HW Interface | Variable | Access Location       | Direction | Burst Status | Length | Loop      | Loop Location         | Resolution | Problem                                                                                              |
+--------------+----------+-----------------------+-----------+--------------+--------+-----------+-----------------------+------------+------------------------------------------------------------------------------------------------------+
| m_axi_a_port | A        | loop_perfect.cpp:30:3 | read      | Widen Fail   |        | anonymous | loop_perfect.cpp:30:3 | 214-353    | Could not widen since type i8 size is greater than or equal to the max_widen_bitwidth threshold of 0 |
| m_axi_a_port | A        | loop_perfect.cpp:30:3 | read      | Inferred     | 20     | anonymous | loop_perfect.cpp:30:3 |            |                                                                                                      |
| m_axi_b_port | B        | loop_perfect.cpp:47:3 | write     | Widen Fail   |        | anonymous | loop_perfect.cpp:47:3 | 214-353    | Could not widen since type i8 size is greater than or equal to the max_widen_bitwidth threshold of 0 |
| m_axi_b_port | B        | loop_perfect.cpp:47:3 | write     | Inferred     | 20     | anonymous | loop_perfect.cpp:47:3 |            |                                                                                                      |
+--------------+----------+-----------------------+-----------+--------------+--------+-----------+-----------------------+------------+------------------------------------------------------------------------------------------------------+

    * Resolution URL: www.xilinx.com/cgi-bin/docs/rdoc?v=2023.1;t=hls+guidance;d=XXX-YYY.html (replace XXX-YYY with column value)

================================================================
== Bind Op Report
================================================================
+----------------------------------------+-----+--------+------------+-----+--------+---------+
| Name                                   | DSP | Pragma | Variable   | Op  | Impl   | Latency |
+----------------------------------------+-----+--------+------------+-----+--------+---------+
| + loop_perfect                         | 2   |        |            |     |        |         |
|  + loop_perfect_Pipeline_1             | 0   |        |            |     |        |         |
|    empty_fu_96_p2                      | -   |        | empty      | add | fabric | 0       |
|  + loop_perfect_Pipeline_LOOP_I_LOOP_J | 2   |        |            |     |        |         |
|    add_ln35_fu_126_p2                  | -   |        | add_ln35   | add | fabric | 0       |
|    add_ln35_1_fu_202_p2                | -   |        | add_ln35_1 | add | fabric | 0       |
|    mac_muladd_5ns_5s_12s_12_4_1_U5     | 1   |        | mul_ln38   | mul | dsp48  | 3       |
|    mac_muladd_5ns_5s_12s_12_4_1_U5     | 1   |        | acc        | add | dsp48  | 3       |
|    mul_12s_14ns_26_1_1_U4              | 1   |        | mul_ln41   | mul | auto   | 0       |
|    sub_ln41_fu_258_p2                  | -   |        | sub_ln41   | sub | fabric | 0       |
|    sub_ln41_1_fu_279_p2                | -   |        | sub_ln41_1 | sub | fabric | 0       |
|    add_ln36_fu_160_p2                  | -   |        | add_ln36   | add | fabric | 0       |
|  + loop_perfect_Pipeline_3             | 0   |        |            |     |        |         |
|    empty_fu_101_p2                     | -   |        | empty      | add | fabric | 0       |
+----------------------------------------+-----+--------+------------+-----+--------+---------+


================================================================
== Bind Storage Report
================================================================
+----------------+------+------+--------+----------+---------+------+---------+
| Name           | BRAM | URAM | Pragma | Variable | Storage | Impl | Latency |
+----------------+------+------+--------+----------+---------+------+---------+
| + loop_perfect | 4    | 0    |        |          |         |      |         |
|   A_buff_U     | -    | -    |        | A_buff   | ram_1p  | auto | 1       |
|   B_buff_U     | -    | -    |        | B_buff   | ram_1p  | auto | 1       |
+----------------+------+------+--------+----------+---------+------+---------+


================================================================
== Pragma Report
================================================================
* Ignored Pragmas
+-----------+---------+-------------------------------------+----------------------------+
| Type      | Options | Location                            | Messages                   |
+-----------+---------+-------------------------------------+----------------------------+
| realprobe |         | loop_perfect.cpp:25 in loop_perfect | unknown HLS pragma ignored |
+-----------+---------+-------------------------------------+----------------------------+

* Valid Pragma Syntax
+-----------+--------------------------------------------------------+---------------------------------------------+
| Type      | Options                                                | Location                                    |
+-----------+--------------------------------------------------------+---------------------------------------------+
| interface | m_axi port = A depth=20 offset = slave bundle = a_port | loop_perfect.cpp:22 in loop_perfect         |
| interface | m_axi port = B depth=20 offset = slave bundle = b_port | loop_perfect.cpp:23 in loop_perfect         |
| interface | s_axilite register port=return                         | loop_perfect.cpp:24 in loop_perfect, return |
+-----------+--------------------------------------------------------+---------------------------------------------+


